UPDATE 4.1.25.001: Resources update: START
	Необходимо положить ресурсы в папку C:/images/

Извлечение из newResourcesId.rar

Извлечение  C:/images/\PhizIC-res\logos\PU\Thumbs.db                  OK 
Извлечение  C:/images/\PhizIC-res\logos\PU\5009033419.jpg             OK 
Извлечение  C:/images/\PhizIC-res\logos\PU\7704280815.jpg             OK 
Извлечение  C:/images/\PhizIC-res\logos\PU\7705042179.jpg             OK 
Извлечение  C:/images/\PhizIC-res\logos\PU\7707049388.jpg             OK 
Извлечение  C:/images/\PhizIC-res\logos\PU\7710660149.jpg             OK 
Извлечение  C:/images/\PhizIC-res\logos\PU\7718084994.jpg             OK 
Извлечение  C:/images/\PhizIC-res\logos\PU\7719289458.jpg             OK 
Извлечение  C:/images/\PhizIC-res\logos\PU\7719555477.jpg             OK 
Извлечение  C:/images/\PhizIC-res\logos\PU\7730058711.jpg             OK 
Извлечение  C:/images/\PhizIC-res\logos\PU\7736520080.jpg             OK 
Извлечение  C:/images/\PhizIC-res\logos\PU\adeli.jpg                  OK 
Извлечение  C:/images/\PhizIC-res\logos\PU\ampp.jpg                   OK 
Извлечение  C:/images/\PhizIC-res\logos\PU\arifmetikadobra.jpg        OK 
Извлечение  C:/images/\PhizIC-res\logos\logodefault\bilety.jpg        OK 
Извлечение  C:/images/\PhizIC-res\logos\logodefault\blagotv_fondy.jpg  OK 
Извлечение  C:/images/\PhizIC-res\logos\logodefault\brocker_schet.jpg  OK 
Извлечение  C:/images/\PhizIC-res\logos\logodefault\bti.jpg           OK 
Извлечение  C:/images/\PhizIC-res\logos\logodefault\credit_dr_bank.jpg  OK 
Извлечение  C:/images/\PhizIC-res\logos\PU\Creditexpress.jpg          OK 
Извлечение  C:/images/\PhizIC-res\logos\PU\Delfin.jpg                 OK 
Извлечение  C:/images/\PhizIC-res\logos\logodefault\dez_gek_rem_slugby.jpg  OK 
Извлечение  C:/images/\PhizIC-res\logos\PU\DEZIS.jpg                  OK 
Извлечение  C:/images/\PhizIC-res\logos\logodefault\dom-telefon.jpg   OK 
Извлечение  C:/images/\PhizIC-res\logos\PU\dom_ru.jpg                 OK 
Извлечение  C:/images/\PhizIC-res\logos\logodefault\dop_obr.jpg       OK 
Извлечение  C:/images/\PhizIC-res\logos\logodefault\doshkoln.jpg      OK 
Извлечение  C:/images/\PhizIC-res\logos\logodefault\dsk_sadovye_tov.jpg  OK 
Извлечение  C:/images/\PhizIC-res\logos\logodefault\e_dengi.jpg       OK 
Извлечение  C:/images/\PhizIC-res\logos\logodefault\elektroenergiya.jpg  OK 
Извлечение  C:/images/\PhizIC-res\logos\logodefault\fms.jpg           OK 
Извлечение  C:/images/\PhizIC-res\logos\logodefault\fns.jpg           OK 
Извлечение  C:/images/\PhizIC-res\logos\PU\fns.jpg                    OK 
Извлечение  C:/images/\PhizIC-res\logos\logodefault\fss-rf.jpg        OK 
Извлечение  C:/images/\PhizIC-res\logos\logodefault\fssp.jpg          OK 
Извлечение  C:/images/\PhizIC-res\logos\logodefault\gaz.jpg           OK 
Извлечение  C:/images/\PhizIC-res\logos\logodefault\gibdd.jpg         OK 
Извлечение  C:/images/\PhizIC-res\logos\PU\gibdd.jpg                  OK 
Извлечение  C:/images/\PhizIC-res\logos\logodefault\gibdd1.jpg        OK 
Извлечение  C:/images/\PhizIC-res\logos\logodefault\gsk_avtostoyanki.jpg  OK 
Извлечение  C:/images/\PhizIC-res\logos\logodefault\internet.jpg      OK 
Извлечение  C:/images/\PhizIC-res\logos\PU\itunes.jpg                 OK 
Извлечение  C:/images/\PhizIC-res\logos\logodefault\kvartplata.jpg    OK 
Извлечение  C:/images/\PhizIC-res\logos\PU\LogoMADI.jpg               OK 
Извлечение  C:/images/\PhizIC-res\logos\logodefault\medicina.jpg      OK 
Извлечение  C:/images/\PhizIC-res\logos\PU\MGTUimeniBaumana.jpg       OK 
Извлечение  C:/images/\PhizIC-res\logos\PU\mgu.jpg                    OK 
Извлечение  C:/images/\PhizIC-res\logos\logodefault\nalog.jpg         OK 
Извлечение  C:/images/\PhizIC-res\logos\logodefault\npfsberbanka.jpg  OK 
Извлечение  C:/images/\PhizIC-res\logos\logodefault\ohrannie_uslugi_domofon.jpg  OK 
Извлечение  C:/images/\PhizIC-res\logos\PU\Onpay.jpg                  OK 
Извлечение  C:/images/\PhizIC-res\logos\logodefault\otdyh_put.jpg     OK 
Извлечение  C:/images/\PhizIC-res\logos\logodefault\pfr.jpg           OK 
Извлечение  C:/images/\PhizIC-res\logos\logodefault\pify.jpg          OK 
Извлечение  C:/images/\PhizIC-res\logos\PU\pioneer.jpg                OK 
Извлечение  C:/images/\PhizIC-res\logos\logodefault\rosreestr.jpg     OK 
Извлечение  C:/images/\PhizIC-res\logos\PU\sga.jpg                    OK 
Извлечение  C:/images/\PhizIC-res\logos\PU\smile.jpg                  OK 
Извлечение  C:/images/\PhizIC-res\logos\logodefault\sport.jpg         OK 
Извлечение  C:/images/\PhizIC-res\logos\logodefault\strahovanie.jpg   OK 
Извлечение  C:/images/\PhizIC-res\logos\logodefault\sud_pristav.jpg   OK 
Извлечение  C:/images/\PhizIC-res\logos\logodefault\teplosnabgenie.jpg  OK 
Извлечение  C:/images/\PhizIC-res\logos\logodefault\tovary_uslugi.jpg  OK 
Извлечение  C:/images/\PhizIC-res\logos\PU\tovary_uslugi.jpg          OK 
Извлечение  C:/images/\PhizIC-res\logos\logodefault\tsg_gsk.jpg       OK 
Извлечение  C:/images/\PhizIC-res\logos\logodefault\turagent.jpg      OK 
Извлечение  C:/images/\PhizIC-res\logos\logodefault\tv.jpg            OK 
Извлечение  C:/images/\PhizIC-res\logos\logodefault\voda.jpg          OK 
Извлечение  C:/images/\PhizIC-res\logos\logodefault\vuz.jpg           OK 
Готово
UPDATE 4.1.25.001: Resources update: FINISH
